[20:48:22]: Time elapsed executing function Prehistoric::TextureLoader::LoadTextureData(std::string&), path: res/textures/logo.png: 0.5856ms
[20:48:23]: Time elapsed executing function Prehistoric::TextureLoader::LoadTextureData(std::string&), path: res/textures/oakFloor/oakFloor_DIF.png: 201.659ms
[20:48:23]: Time elapsed executing function Prehistoric::TextureLoader::LoadTextureData(std::string&), path: res/textures/oakFloor/oakFloor_NRM.png: 213.882ms
[20:48:23]: Time elapsed executing function Prehistoric::TextureLoader::LoadTextureData(std::string&), path: res/textures/oakFloor/oakFloor_MROT.png: 406.214ms
[20:48:26]: Time elapsed executing function Prehistoric::TextureLoader::LoadTextureData(std::string&), path: res/textures/metalFloor/metalFloor_DIF.png: 2803.86ms
[20:48:27]: Time elapsed executing function Prehistoric::TextureLoader::LoadTextureData(std::string&), path: res/textures/metalFloor/metalFloor_NRM.png: 673.509ms
[20:48:27]: Time elapsed executing function Prehistoric::TextureLoader::LoadTextureData(std::string&), path: res/textures/metalFloor/metalFloor_MROT.png: 86.6006ms
[20:48:27]: Time elapsed executing function Prehistoric::TextureLoader::LoadTextureData(std::string&), path: res/textures/default.png: 3.6697ms
[20:48:27]: Time elapsed executing function Prehistoric::TextureLoader::LoadTextureData(std::string&), path: res/textures/default.png: 2.9141ms
[20:48:27]: Time elapsed executing function Prehistoric::TextureLoader::LoadTextureData(std::string&), path: res/textures/default.png: 2.8018ms
[20:48:27]: Time elapsed executing function Prehistoric::TextureLoader::LoadTextureData(std::string&), path: res/textures/default.png: 4.0648ms
[20:48:27]: Time elapsed executing function Prehistoric::TextureLoader::LoadTextureData(std::string&), path: res/textures/default.png: 2.8655ms
[20:48:27]: Time elapsed executing function Prehistoric::TextureLoader::LoadTextureData(std::string&), path: res/textures/default.png: 2.7607ms
[20:48:27]: Time elapsed executing function Prehistoric::TextureLoader::LoadTextureData(std::string&), path: res/textures/default.png: 3.063ms
[20:48:27]: Time elapsed executing function Prehistoric::TextureLoader::LoadTextureData(std::string&), path: res/textures/terrain/Grass_DIF.jpg: 139.204ms
[20:48:27]: Time elapsed executing function Prehistoric::TextureLoader::LoadTextureData(std::string&), path: res/textures/terrain/Grass_NRM.jpg: 75.3695ms
[20:48:27]: Time elapsed executing function Prehistoric::TextureLoader::LoadTextureData(std::string&), path: res/textures/terrain/Grass_DISP.jpg: 55.2349ms
[20:48:27]: Time elapsed executing function Prehistoric::TextureLoader::LoadTextureData(std::string&), path: res/textures/default.png: 4.0783ms
[20:48:27]: Time elapsed executing function Prehistoric::TextureLoader::LoadTextureData(std::string&), path: res/textures/terrain/Sand_DIF.jpg: 156.529ms
[20:48:28]: Time elapsed executing function Prehistoric::TextureLoader::LoadTextureData(std::string&), path: res/textures/terrain/Sand_NRM.jpg: 80.2206ms
[20:48:28]: Time elapsed executing function Prehistoric::TextureLoader::LoadTextureData(std::string&), path: res/textures/terrain/Sand_DISP.jpg: 57.2839ms
[20:48:28]: Time elapsed executing function Prehistoric::TextureLoader::LoadTextureData(std::string&), path: res/textures/default.png: 3.1465ms
[20:48:28]: Time elapsed executing function Prehistoric::TextureLoader::LoadTextureData(std::string&), path: res/textures/terrain/Rock_DIF.jpg: 302.842ms
[20:48:28]: Time elapsed executing function Prehistoric::TextureLoader::LoadTextureData(std::string&), path: res/textures/terrain/Rock_NRM.jpg: 80.1271ms
[20:48:28]: Time elapsed executing function Prehistoric::TextureLoader::LoadTextureData(std::string&), path: res/textures/terrain/Rock_DISP.jpg: 60.1691ms
[20:48:28]: Time elapsed executing function Prehistoric::TextureLoader::LoadTextureData(std::string&), path: res/textures/terrain/heightmaps/hm0.bmp: 38.9024ms
[20:48:29]: Time elapsed executing function Prehistoric::TextureLoader::LoadTextureData(std::string&), path: res/textures/environmentMaps/ca